2022-11-23 19:50:36,859:INFO:PyCaret Supervised Module
2022-11-23 19:50:36,860:INFO:ML Usecase: regression
2022-11-23 19:50:36,860:INFO:version 2.3.10
2022-11-23 19:50:36,860:INFO:Initializing setup()
2022-11-23 19:50:36,861:INFO:setup(target=Transported, ml_usecase=regression, available_plots={'parameter': 'Hyperparameters', 'residuals': 'Residuals', 'error': 'Prediction Error', 'cooks': 'Cooks Distance', 'rfe': 'Feature Selection', 'learning': 'Learning Curve', 'manifold': 'Manifold Learning', 'vc': 'Validation Curve', 'feature': 'Feature Importance', 'feature_all': 'Feature Importance (All)', 'tree': 'Decision Tree', 'residuals_interactive': 'Interactive Residuals'}, train_size=0.7, test_data=None, preprocess=True, imputation_type=simple, iterative_imputation_iters=5, categorical_features=None, categorical_imputation=constant, categorical_iterative_imputer=lightgbm, ordinal_features=None, high_cardinality_features=None, high_cardinality_method=frequency, numeric_features=None, numeric_imputation=mean, numeric_iterative_imputer=lightgbm, date_features=None, ignore_features=None, normalize=False, normalize_method=zscore, transformation=False, transformation_method=yeo-johnson, handle_unknown_categorical=True, unknown_categorical_method=least_frequent, pca=False, pca_method=linear, pca_components=None, ignore_low_variance=False, combine_rare_levels=False, rare_level_threshold=0.1, bin_numeric_features=None, remove_outliers=False, outliers_threshold=0.05, remove_multicollinearity=False, multicollinearity_threshold=0.9, remove_perfect_collinearity=True, create_clusters=False, cluster_iter=20, polynomial_features=False, polynomial_degree=2, trigonometry_features=False, polynomial_threshold=0.1, group_features=None, group_names=None, feature_selection=False, feature_selection_threshold=0.8, feature_selection_method=classic, feature_interaction=False, feature_ratio=False, interaction_threshold=0.01, fix_imbalance=False, fix_imbalance_method=None, transform_target=False, transform_target_method=box-cox, data_split_shuffle=True, data_split_stratify=False, fold_strategy=kfold, fold=10, fold_shuffle=False, fold_groups=None, n_jobs=-1, use_gpu=False, custom_pipeline=None, html=True, session_id=None, log_experiment=False, experiment_name=None, experiment_custom_tags=None, log_plots=False, log_profile=False, log_data=False, silent=True, verbose=True, profile=False, profile_kwargs=None, display=None)
2022-11-23 19:50:36,863:INFO:Checking environment
2022-11-23 19:50:36,864:INFO:python_version: 3.7.9
2022-11-23 19:50:36,864:INFO:python_build: ('tags/v3.7.9:13c94747c7', 'Aug 17 2020 18:58:18')
2022-11-23 19:50:36,864:INFO:machine: AMD64
2022-11-23 19:50:36,865:INFO:platform: Windows-10-10.0.22621-SP0
2022-11-23 19:50:36,865:INFO:Memory: svmem(total=17102372864, available=2863480832, percent=83.3, used=14238892032, free=2863480832)
2022-11-23 19:50:36,865:INFO:Physical Core: 6
2022-11-23 19:50:36,865:INFO:Logical Core: 12
2022-11-23 19:50:36,865:INFO:Checking libraries
2022-11-23 19:50:36,866:INFO:pd==1.3.5
2022-11-23 19:50:36,866:INFO:numpy==1.19.5
2022-11-23 19:50:36,866:INFO:sklearn==0.23.2
2022-11-23 19:50:36,866:INFO:lightgbm==3.3.3
2022-11-23 19:50:36,867:WARNING:catboost not found
2022-11-23 19:50:36,867:WARNING:xgboost not found
2022-11-23 19:50:36,868:INFO:mlflow==1.30.0
2022-11-23 19:50:36,868:INFO:Checking Exceptions
2022-11-23 19:50:36,868:INFO:Declaring global variables
2022-11-23 19:50:36,868:INFO:USI: bbf0
2022-11-23 19:50:36,868:INFO:pycaret_globals: {'fix_imbalance_param', 'master_model_container', 'exp_name_log', 'fold_param', 'fold_groups_param', 'dashboard_logger', 'X_train', 'y', 'log_plots_param', '_available_plots', 'prep_pipe', 'imputation_regressor', 'imputation_classifier', 'experiment__', 'transform_target_param', 'fix_imbalance_method_param', 'y_test', 'stratify_param', '_gpu_n_jobs_param', 'fold_groups_param_full', 'display_container', 'fold_shuffle_param', '_ml_usecase', 'gpu_param', 'X_test', 'pycaret_globals', 'html_param', 'n_jobs_param', 'y_train', 'USI', 'iterative_imputation_iters_param', 'fold_generator', 'data_before_preprocess', 'create_model_container', 'transform_target_method_param', '_all_models_internal', '_internal_pipeline', 'seed', '_all_metrics', 'target_param', 'logging_param', '_all_models', 'X'}
2022-11-23 19:50:36,869:INFO:Preparing display monitor
2022-11-23 19:50:36,869:INFO:Preparing display monitor
2022-11-23 19:50:36,878:INFO:Importing libraries
2022-11-23 19:50:36,879:INFO:Copying data for preprocessing
2022-11-23 19:50:36,882:INFO:Declaring preprocessing parameters
2022-11-23 19:50:36,883:INFO:Creating preprocessing pipeline
2022-11-23 19:50:36,888:INFO:Preprocessing pipeline created successfully
2022-11-23 19:50:36,888:ERROR:(Process Exit): setup has been interupted with user command 'quit'. setup must rerun.
2022-11-23 19:50:36,888:INFO:Creating global containers
2022-11-23 19:50:36,890:INFO:Internal pipeline: Pipeline(memory=None, steps=[('empty_step', 'passthrough')], verbose=False)
2022-11-23 19:50:37,078:WARNING:Couldn't import xgboost.XGBRegressor
2022-11-23 19:50:37,079:WARNING:Couldn't import catboost.CatBoostRegressor
2022-11-23 19:50:37,162:WARNING:Couldn't import xgboost.XGBRegressor
2022-11-23 19:50:37,163:WARNING:Couldn't import catboost.CatBoostRegressor
2022-11-23 19:50:37,164:INFO:Creating grid variables
2022-11-23 19:50:37,166:INFO:create_model_container: 0
2022-11-23 19:50:37,166:INFO:master_model_container: 0
2022-11-23 19:50:37,166:INFO:display_container: 1
2022-11-23 19:50:37,169:INFO:Pipeline(memory=None,
         steps=[('dtypes',
                 DataTypes_Auto_infer(categorical_features=[],
                                      display_types=False, features_todrop=[],
                                      id_columns=[], ml_usecase='regression',
                                      numerical_features=[],
                                      target='Transported', time_features=[])),
                ('imputer',
                 Simple_Imputer(categorical_strategy='not_available',
                                fill_value_categorical=None,
                                fill_value_numerical=None,
                                numeric_str...
                ('scaling', 'passthrough'), ('P_transform', 'passthrough'),
                ('binn', 'passthrough'), ('rem_outliers', 'passthrough'),
                ('cluster_all', 'passthrough'),
                ('dummy', Dummify(target='Transported')),
                ('fix_perfect', Remove_100(target='Transported')),
                ('clean_names', Clean_Colum_Names()),
                ('feature_select', 'passthrough'), ('fix_multi', 'passthrough'),
                ('dfs', 'passthrough'), ('pca', 'passthrough')],
         verbose=False)
2022-11-23 19:50:37,171:INFO:setup() succesfully completed......................................
2022-11-23 19:50:37,297:INFO:Initializing compare_models()
2022-11-23 19:50:37,298:INFO:compare_models(include=None, fold=None, round=4, cross_validation=True, sort=R2, n_select=1, budget_time=None, turbo=True, errors=ignore, fit_kwargs=None, groups=None, experiment_custom_tags=None, probability_threshold=None, verbose=True, display=None, exclude=None)
2022-11-23 19:50:37,298:INFO:Checking exceptions
2022-11-23 19:50:37,298:INFO:Preparing display monitor
2022-11-23 19:50:37,298:INFO:Preparing display monitor
2022-11-23 19:50:37,307:INFO:Initializing Linear Regression
2022-11-23 19:50:37,307:INFO:Total runtime is 0.0 minutes
2022-11-23 19:50:37,309:INFO:SubProcess create_model() called ==================================
2022-11-23 19:50:37,310:INFO:Initializing create_model()
2022-11-23 19:50:37,310:INFO:create_model(estimator=lr, fold=KFold(n_splits=10, random_state=None, shuffle=False), round=4, cross_validation=True, predict=True, fit_kwargs={}, groups=None, refit=False, verbose=False, system=False, metrics=None, experiment_custom_tags=None, add_to_model_list=True, probability_threshold=None, display=<pycaret.internal.Display.Display object at 0x0000029A0DC59B48>, return_train_score=False, kwargs={})
2022-11-23 19:50:37,310:INFO:Checking exceptions
2022-11-23 19:50:37,310:INFO:Importing libraries
2022-11-23 19:50:37,310:INFO:Copying training dataset
2022-11-23 19:50:37,311:INFO:Defining folds
2022-11-23 19:50:37,311:INFO:Declaring metric variables
2022-11-23 19:50:37,313:INFO:Importing untrained model
2022-11-23 19:50:37,316:INFO:Linear Regression Imported succesfully
2022-11-23 19:50:37,320:INFO:Starting cross validation
2022-11-23 19:50:37,326:INFO:Cross validating with KFold(n_splits=10, random_state=None, shuffle=False), n_jobs=-1
2022-11-23 19:50:39,942:INFO:Calculating mean and std
2022-11-23 19:50:39,942:INFO:Creating metrics dataframe
2022-11-23 19:50:39,945:INFO:Uploading results into container
2022-11-23 19:50:39,945:INFO:Uploading model into container now
2022-11-23 19:50:39,945:INFO:create_model_container: 1
2022-11-23 19:50:39,945:INFO:master_model_container: 1
2022-11-23 19:50:39,946:INFO:display_container: 2
2022-11-23 19:50:39,946:INFO:LinearRegression(copy_X=True, fit_intercept=True, n_jobs=-1, normalize=False)
2022-11-23 19:50:39,946:INFO:create_model() succesfully completed......................................
2022-11-23 19:50:40,070:INFO:SubProcess create_model() end ==================================
2022-11-23 19:50:40,070:INFO:Creating metrics dataframe
2022-11-23 19:50:40,074:INFO:Initializing Lasso Regression
2022-11-23 19:50:40,074:INFO:Total runtime is 0.04612586895624796 minutes
2022-11-23 19:50:40,076:INFO:SubProcess create_model() called ==================================
2022-11-23 19:50:40,077:INFO:Initializing create_model()
2022-11-23 19:50:40,077:INFO:create_model(estimator=lasso, fold=KFold(n_splits=10, random_state=None, shuffle=False), round=4, cross_validation=True, predict=True, fit_kwargs={}, groups=None, refit=False, verbose=False, system=False, metrics=None, experiment_custom_tags=None, add_to_model_list=True, probability_threshold=None, display=<pycaret.internal.Display.Display object at 0x0000029A0DC59B48>, return_train_score=False, kwargs={})
2022-11-23 19:50:40,077:INFO:Checking exceptions
2022-11-23 19:50:40,077:INFO:Importing libraries
2022-11-23 19:50:40,078:INFO:Copying training dataset
2022-11-23 19:50:40,078:INFO:Defining folds
2022-11-23 19:50:40,078:INFO:Declaring metric variables
2022-11-23 19:50:40,080:INFO:Importing untrained model
2022-11-23 19:50:40,083:INFO:Lasso Regression Imported succesfully
2022-11-23 19:50:40,087:INFO:Starting cross validation
2022-11-23 19:50:40,088:INFO:Cross validating with KFold(n_splits=10, random_state=None, shuffle=False), n_jobs=-1
2022-11-23 19:50:41,414:INFO:Calculating mean and std
2022-11-23 19:50:41,414:INFO:Creating metrics dataframe
2022-11-23 19:50:41,418:INFO:Uploading results into container
2022-11-23 19:50:41,419:INFO:Uploading model into container now
2022-11-23 19:50:41,419:INFO:create_model_container: 2
2022-11-23 19:50:41,419:INFO:master_model_container: 2
2022-11-23 19:50:41,419:INFO:display_container: 2
2022-11-23 19:50:41,420:INFO:Lasso(alpha=1.0, copy_X=True, fit_intercept=True, max_iter=1000,
      normalize=False, positive=False, precompute=False, random_state=1501,
      selection='cyclic', tol=0.0001, warm_start=False)
2022-11-23 19:50:41,421:INFO:create_model() succesfully completed......................................
2022-11-23 19:50:41,533:INFO:SubProcess create_model() end ==================================
2022-11-23 19:50:41,534:INFO:Creating metrics dataframe
2022-11-23 19:50:41,539:INFO:Initializing Ridge Regression
2022-11-23 19:50:41,539:INFO:Total runtime is 0.0705300211906433 minutes
2022-11-23 19:50:41,542:INFO:SubProcess create_model() called ==================================
2022-11-23 19:50:41,542:INFO:Initializing create_model()
2022-11-23 19:50:41,542:INFO:create_model(estimator=ridge, fold=KFold(n_splits=10, random_state=None, shuffle=False), round=4, cross_validation=True, predict=True, fit_kwargs={}, groups=None, refit=False, verbose=False, system=False, metrics=None, experiment_custom_tags=None, add_to_model_list=True, probability_threshold=None, display=<pycaret.internal.Display.Display object at 0x0000029A0DC59B48>, return_train_score=False, kwargs={})
2022-11-23 19:50:41,542:INFO:Checking exceptions
2022-11-23 19:50:41,542:INFO:Importing libraries
2022-11-23 19:50:41,543:INFO:Copying training dataset
2022-11-23 19:50:41,543:INFO:Defining folds
2022-11-23 19:50:41,543:INFO:Declaring metric variables
2022-11-23 19:50:41,545:INFO:Importing untrained model
2022-11-23 19:50:41,547:INFO:Ridge Regression Imported succesfully
2022-11-23 19:50:41,551:INFO:Starting cross validation
2022-11-23 19:50:41,552:INFO:Cross validating with KFold(n_splits=10, random_state=None, shuffle=False), n_jobs=-1
2022-11-23 19:50:41,590:INFO:Calculating mean and std
2022-11-23 19:50:41,591:INFO:Creating metrics dataframe
2022-11-23 19:50:41,594:INFO:Uploading results into container
2022-11-23 19:50:41,594:INFO:Uploading model into container now
2022-11-23 19:50:41,594:INFO:create_model_container: 3
2022-11-23 19:50:41,594:INFO:master_model_container: 3
2022-11-23 19:50:41,595:INFO:display_container: 2
2022-11-23 19:50:41,595:INFO:Ridge(alpha=1.0, copy_X=True, fit_intercept=True, max_iter=None,
      normalize=False, random_state=1501, solver='auto', tol=0.001)
2022-11-23 19:50:41,595:INFO:create_model() succesfully completed......................................
2022-11-23 19:50:41,695:INFO:SubProcess create_model() end ==================================
2022-11-23 19:50:41,696:INFO:Creating metrics dataframe
2022-11-23 19:50:41,700:INFO:Initializing Elastic Net
2022-11-23 19:50:41,700:INFO:Total runtime is 0.07321402629216511 minutes
2022-11-23 19:50:41,702:INFO:SubProcess create_model() called ==================================
2022-11-23 19:50:41,703:INFO:Initializing create_model()
2022-11-23 19:50:41,703:INFO:create_model(estimator=en, fold=KFold(n_splits=10, random_state=None, shuffle=False), round=4, cross_validation=True, predict=True, fit_kwargs={}, groups=None, refit=False, verbose=False, system=False, metrics=None, experiment_custom_tags=None, add_to_model_list=True, probability_threshold=None, display=<pycaret.internal.Display.Display object at 0x0000029A0DC59B48>, return_train_score=False, kwargs={})
2022-11-23 19:50:41,703:INFO:Checking exceptions
2022-11-23 19:50:41,703:INFO:Importing libraries
2022-11-23 19:50:41,704:INFO:Copying training dataset
2022-11-23 19:50:41,704:INFO:Defining folds
2022-11-23 19:50:41,704:INFO:Declaring metric variables
2022-11-23 19:50:41,706:INFO:Importing untrained model
2022-11-23 19:50:41,708:INFO:Elastic Net Imported succesfully
2022-11-23 19:50:41,712:INFO:Starting cross validation
2022-11-23 19:50:41,712:INFO:Cross validating with KFold(n_splits=10, random_state=None, shuffle=False), n_jobs=-1
2022-11-23 19:50:41,758:INFO:Calculating mean and std
2022-11-23 19:50:41,759:INFO:Creating metrics dataframe
2022-11-23 19:50:41,762:INFO:Uploading results into container
2022-11-23 19:50:41,762:INFO:Uploading model into container now
2022-11-23 19:50:41,762:INFO:create_model_container: 4
2022-11-23 19:50:41,762:INFO:master_model_container: 4
2022-11-23 19:50:41,763:INFO:display_container: 2
2022-11-23 19:50:41,763:INFO:ElasticNet(alpha=1.0, copy_X=True, fit_intercept=True, l1_ratio=0.5,
           max_iter=1000, normalize=False, positive=False, precompute=False,
           random_state=1501, selection='cyclic', tol=0.0001, warm_start=False)
2022-11-23 19:50:41,763:INFO:create_model() succesfully completed......................................
2022-11-23 19:50:41,863:INFO:SubProcess create_model() end ==================================
2022-11-23 19:50:41,863:INFO:Creating metrics dataframe
2022-11-23 19:50:41,868:INFO:Initializing Least Angle Regression
2022-11-23 19:50:41,868:INFO:Total runtime is 0.07602163950602213 minutes
2022-11-23 19:50:41,870:INFO:SubProcess create_model() called ==================================
2022-11-23 19:50:41,870:INFO:Initializing create_model()
2022-11-23 19:50:41,871:INFO:create_model(estimator=lar, fold=KFold(n_splits=10, random_state=None, shuffle=False), round=4, cross_validation=True, predict=True, fit_kwargs={}, groups=None, refit=False, verbose=False, system=False, metrics=None, experiment_custom_tags=None, add_to_model_list=True, probability_threshold=None, display=<pycaret.internal.Display.Display object at 0x0000029A0DC59B48>, return_train_score=False, kwargs={})
2022-11-23 19:50:41,871:INFO:Checking exceptions
2022-11-23 19:50:41,871:INFO:Importing libraries
2022-11-23 19:50:41,871:INFO:Copying training dataset
2022-11-23 19:50:41,871:INFO:Defining folds
2022-11-23 19:50:41,872:INFO:Declaring metric variables
2022-11-23 19:50:41,874:INFO:Importing untrained model
2022-11-23 19:50:41,876:INFO:Least Angle Regression Imported succesfully
2022-11-23 19:50:41,880:INFO:Starting cross validation
2022-11-23 19:50:41,881:INFO:Cross validating with KFold(n_splits=10, random_state=None, shuffle=False), n_jobs=-1
2022-11-23 19:50:41,940:INFO:Calculating mean and std
2022-11-23 19:50:41,941:INFO:Creating metrics dataframe
2022-11-23 19:50:41,943:INFO:Uploading results into container
2022-11-23 19:50:41,943:INFO:Uploading model into container now
2022-11-23 19:50:41,943:INFO:create_model_container: 5
2022-11-23 19:50:41,944:INFO:master_model_container: 5
2022-11-23 19:50:41,944:INFO:display_container: 2
2022-11-23 19:50:41,944:INFO:Lars(copy_X=True, eps=2.220446049250313e-16, fit_intercept=True, fit_path=True,
     jitter=None, n_nonzero_coefs=500, normalize=True, precompute='auto',
     random_state=1501, verbose=False)
2022-11-23 19:50:41,944:INFO:create_model() succesfully completed......................................
2022-11-23 19:50:42,047:INFO:SubProcess create_model() end ==================================
2022-11-23 19:50:42,047:INFO:Creating metrics dataframe
2022-11-23 19:50:42,051:INFO:Initializing Lasso Least Angle Regression
2022-11-23 19:50:42,051:INFO:Total runtime is 0.07907830476760863 minutes
2022-11-23 19:50:42,054:INFO:SubProcess create_model() called ==================================
2022-11-23 19:50:42,054:INFO:Initializing create_model()
2022-11-23 19:50:42,054:INFO:create_model(estimator=llar, fold=KFold(n_splits=10, random_state=None, shuffle=False), round=4, cross_validation=True, predict=True, fit_kwargs={}, groups=None, refit=False, verbose=False, system=False, metrics=None, experiment_custom_tags=None, add_to_model_list=True, probability_threshold=None, display=<pycaret.internal.Display.Display object at 0x0000029A0DC59B48>, return_train_score=False, kwargs={})
2022-11-23 19:50:42,054:INFO:Checking exceptions
2022-11-23 19:50:42,054:INFO:Importing libraries
2022-11-23 19:50:42,054:INFO:Copying training dataset
2022-11-23 19:50:42,055:INFO:Defining folds
2022-11-23 19:50:42,055:INFO:Declaring metric variables
2022-11-23 19:50:42,058:INFO:Importing untrained model
2022-11-23 19:50:42,060:INFO:Lasso Least Angle Regression Imported succesfully
2022-11-23 19:50:42,064:INFO:Starting cross validation
2022-11-23 19:50:42,064:INFO:Cross validating with KFold(n_splits=10, random_state=None, shuffle=False), n_jobs=-1
2022-11-23 19:50:42,102:INFO:Calculating mean and std
2022-11-23 19:50:42,103:INFO:Creating metrics dataframe
2022-11-23 19:50:42,106:INFO:Uploading results into container
2022-11-23 19:50:42,107:INFO:Uploading model into container now
2022-11-23 19:50:42,107:INFO:create_model_container: 6
2022-11-23 19:50:42,107:INFO:master_model_container: 6
2022-11-23 19:50:42,107:INFO:display_container: 2
2022-11-23 19:50:42,107:INFO:LassoLars(alpha=1.0, copy_X=True, eps=2.220446049250313e-16, fit_intercept=True,
          fit_path=True, jitter=None, max_iter=500, normalize=True,
          positive=False, precompute='auto', random_state=1501, verbose=False)
2022-11-23 19:50:42,108:INFO:create_model() succesfully completed......................................
2022-11-23 19:50:42,209:INFO:SubProcess create_model() end ==================================
2022-11-23 19:50:42,209:INFO:Creating metrics dataframe
2022-11-23 19:50:42,213:INFO:Initializing Orthogonal Matching Pursuit
2022-11-23 19:50:42,214:INFO:Total runtime is 0.08178734779357909 minutes
2022-11-23 19:50:42,216:INFO:SubProcess create_model() called ==================================
2022-11-23 19:50:42,216:INFO:Initializing create_model()
2022-11-23 19:50:42,217:INFO:create_model(estimator=omp, fold=KFold(n_splits=10, random_state=None, shuffle=False), round=4, cross_validation=True, predict=True, fit_kwargs={}, groups=None, refit=False, verbose=False, system=False, metrics=None, experiment_custom_tags=None, add_to_model_list=True, probability_threshold=None, display=<pycaret.internal.Display.Display object at 0x0000029A0DC59B48>, return_train_score=False, kwargs={})
2022-11-23 19:50:42,217:INFO:Checking exceptions
2022-11-23 19:50:42,217:INFO:Importing libraries
2022-11-23 19:50:42,217:INFO:Copying training dataset
2022-11-23 19:50:42,217:INFO:Defining folds
2022-11-23 19:50:42,218:INFO:Declaring metric variables
2022-11-23 19:50:42,220:INFO:Importing untrained model
2022-11-23 19:50:42,222:INFO:Orthogonal Matching Pursuit Imported succesfully
2022-11-23 19:50:42,227:INFO:Starting cross validation
2022-11-23 19:50:42,227:INFO:Cross validating with KFold(n_splits=10, random_state=None, shuffle=False), n_jobs=-1
2022-11-23 19:50:42,264:INFO:Calculating mean and std
2022-11-23 19:50:42,264:INFO:Creating metrics dataframe
2022-11-23 19:50:42,267:INFO:Uploading results into container
2022-11-23 19:50:42,267:INFO:Uploading model into container now
2022-11-23 19:50:42,267:INFO:create_model_container: 7
2022-11-23 19:50:42,267:INFO:master_model_container: 7
2022-11-23 19:50:42,267:INFO:display_container: 2
2022-11-23 19:50:42,268:INFO:OrthogonalMatchingPursuit(fit_intercept=True, n_nonzero_coefs=None,
                          normalize=True, precompute='auto', tol=None)
2022-11-23 19:50:42,268:INFO:create_model() succesfully completed......................................
2022-11-23 19:50:42,369:INFO:SubProcess create_model() end ==================================
2022-11-23 19:50:42,369:INFO:Creating metrics dataframe
2022-11-23 19:50:42,373:INFO:Initializing Bayesian Ridge
2022-11-23 19:50:42,374:INFO:Total runtime is 0.08444842894872029 minutes
2022-11-23 19:50:42,376:INFO:SubProcess create_model() called ==================================
2022-11-23 19:50:42,376:INFO:Initializing create_model()
2022-11-23 19:50:42,376:INFO:create_model(estimator=br, fold=KFold(n_splits=10, random_state=None, shuffle=False), round=4, cross_validation=True, predict=True, fit_kwargs={}, groups=None, refit=False, verbose=False, system=False, metrics=None, experiment_custom_tags=None, add_to_model_list=True, probability_threshold=None, display=<pycaret.internal.Display.Display object at 0x0000029A0DC59B48>, return_train_score=False, kwargs={})
2022-11-23 19:50:42,377:INFO:Checking exceptions
2022-11-23 19:50:42,377:INFO:Importing libraries
2022-11-23 19:50:42,377:INFO:Copying training dataset
2022-11-23 19:50:42,377:INFO:Defining folds
2022-11-23 19:50:42,378:INFO:Declaring metric variables
2022-11-23 19:50:42,381:INFO:Importing untrained model
2022-11-23 19:50:42,383:INFO:Bayesian Ridge Imported succesfully
2022-11-23 19:50:42,387:INFO:Starting cross validation
2022-11-23 19:50:42,387:INFO:Cross validating with KFold(n_splits=10, random_state=None, shuffle=False), n_jobs=-1
2022-11-23 19:50:42,428:INFO:Calculating mean and std
2022-11-23 19:50:42,428:INFO:Creating metrics dataframe
2022-11-23 19:50:42,431:INFO:Uploading results into container
2022-11-23 19:50:42,431:INFO:Uploading model into container now
2022-11-23 19:50:42,431:INFO:create_model_container: 8
2022-11-23 19:50:42,431:INFO:master_model_container: 8
2022-11-23 19:50:42,431:INFO:display_container: 2
2022-11-23 19:50:42,432:INFO:BayesianRidge(alpha_1=1e-06, alpha_2=1e-06, alpha_init=None,
              compute_score=False, copy_X=True, fit_intercept=True,
              lambda_1=1e-06, lambda_2=1e-06, lambda_init=None, n_iter=300,
              normalize=False, tol=0.001, verbose=False)
2022-11-23 19:50:42,432:INFO:create_model() succesfully completed......................................
2022-11-23 19:50:42,537:INFO:SubProcess create_model() end ==================================
2022-11-23 19:50:42,537:INFO:Creating metrics dataframe
2022-11-23 19:50:42,541:INFO:Initializing Passive Aggressive Regressor
2022-11-23 19:50:42,542:INFO:Total runtime is 0.087261696656545 minutes
2022-11-23 19:50:42,544:INFO:SubProcess create_model() called ==================================
2022-11-23 19:50:42,544:INFO:Initializing create_model()
2022-11-23 19:50:42,544:INFO:create_model(estimator=par, fold=KFold(n_splits=10, random_state=None, shuffle=False), round=4, cross_validation=True, predict=True, fit_kwargs={}, groups=None, refit=False, verbose=False, system=False, metrics=None, experiment_custom_tags=None, add_to_model_list=True, probability_threshold=None, display=<pycaret.internal.Display.Display object at 0x0000029A0DC59B48>, return_train_score=False, kwargs={})
2022-11-23 19:50:42,545:INFO:Checking exceptions
2022-11-23 19:50:42,545:INFO:Importing libraries
2022-11-23 19:50:42,546:INFO:Copying training dataset
2022-11-23 19:50:42,546:INFO:Defining folds
2022-11-23 19:50:42,547:INFO:Declaring metric variables
2022-11-23 19:50:42,549:INFO:Importing untrained model
2022-11-23 19:50:42,551:INFO:Passive Aggressive Regressor Imported succesfully
2022-11-23 19:50:42,555:INFO:Starting cross validation
2022-11-23 19:50:42,555:INFO:Cross validating with KFold(n_splits=10, random_state=None, shuffle=False), n_jobs=-1
2022-11-23 19:50:42,602:INFO:Calculating mean and std
2022-11-23 19:50:42,603:INFO:Creating metrics dataframe
2022-11-23 19:50:42,606:INFO:Uploading results into container
2022-11-23 19:50:42,607:INFO:Uploading model into container now
2022-11-23 19:50:42,607:INFO:create_model_container: 9
2022-11-23 19:50:42,607:INFO:master_model_container: 9
2022-11-23 19:50:42,607:INFO:display_container: 2
2022-11-23 19:50:42,608:INFO:PassiveAggressiveRegressor(C=1.0, average=False, early_stopping=False,
                           epsilon=0.1, fit_intercept=True,
                           loss='epsilon_insensitive', max_iter=1000,
                           n_iter_no_change=5, random_state=1501, shuffle=True,
                           tol=0.001, validation_fraction=0.1, verbose=0,
                           warm_start=False)
2022-11-23 19:50:42,608:INFO:create_model() succesfully completed......................................
2022-11-23 19:50:42,716:INFO:SubProcess create_model() end ==================================
2022-11-23 19:50:42,716:INFO:Creating metrics dataframe
2022-11-23 19:50:42,719:INFO:Initializing Huber Regressor
2022-11-23 19:50:42,720:INFO:Total runtime is 0.09021119674046833 minutes
2022-11-23 19:50:42,722:INFO:SubProcess create_model() called ==================================
2022-11-23 19:50:42,722:INFO:Initializing create_model()
2022-11-23 19:50:42,722:INFO:create_model(estimator=huber, fold=KFold(n_splits=10, random_state=None, shuffle=False), round=4, cross_validation=True, predict=True, fit_kwargs={}, groups=None, refit=False, verbose=False, system=False, metrics=None, experiment_custom_tags=None, add_to_model_list=True, probability_threshold=None, display=<pycaret.internal.Display.Display object at 0x0000029A0DC59B48>, return_train_score=False, kwargs={})
2022-11-23 19:50:42,723:INFO:Checking exceptions
2022-11-23 19:50:42,723:INFO:Importing libraries
2022-11-23 19:50:42,723:INFO:Copying training dataset
2022-11-23 19:50:42,723:INFO:Defining folds
2022-11-23 19:50:42,723:INFO:Declaring metric variables
2022-11-23 19:50:42,726:INFO:Importing untrained model
2022-11-23 19:50:42,729:INFO:Huber Regressor Imported succesfully
2022-11-23 19:50:42,732:INFO:Starting cross validation
2022-11-23 19:50:42,733:INFO:Cross validating with KFold(n_splits=10, random_state=None, shuffle=False), n_jobs=-1
2022-11-23 19:50:42,793:INFO:Calculating mean and std
2022-11-23 19:50:42,794:INFO:Creating metrics dataframe
2022-11-23 19:50:42,797:INFO:Uploading results into container
2022-11-23 19:50:42,797:INFO:Uploading model into container now
2022-11-23 19:50:42,797:INFO:create_model_container: 10
2022-11-23 19:50:42,797:INFO:master_model_container: 10
2022-11-23 19:50:42,798:INFO:display_container: 2
2022-11-23 19:50:42,798:INFO:HuberRegressor(alpha=0.0001, epsilon=1.35, fit_intercept=True, max_iter=100,
               tol=1e-05, warm_start=False)
2022-11-23 19:50:42,798:INFO:create_model() succesfully completed......................................
2022-11-23 19:50:42,902:INFO:SubProcess create_model() end ==================================
2022-11-23 19:50:42,902:INFO:Creating metrics dataframe
2022-11-23 19:50:42,906:INFO:Initializing K Neighbors Regressor
2022-11-23 19:50:42,906:INFO:Total runtime is 0.09331834713617959 minutes
2022-11-23 19:50:42,908:INFO:SubProcess create_model() called ==================================
2022-11-23 19:50:42,909:INFO:Initializing create_model()
2022-11-23 19:50:42,909:INFO:create_model(estimator=knn, fold=KFold(n_splits=10, random_state=None, shuffle=False), round=4, cross_validation=True, predict=True, fit_kwargs={}, groups=None, refit=False, verbose=False, system=False, metrics=None, experiment_custom_tags=None, add_to_model_list=True, probability_threshold=None, display=<pycaret.internal.Display.Display object at 0x0000029A0DC59B48>, return_train_score=False, kwargs={})
2022-11-23 19:50:42,909:INFO:Checking exceptions
2022-11-23 19:50:42,909:INFO:Importing libraries
2022-11-23 19:50:42,909:INFO:Copying training dataset
2022-11-23 19:50:42,910:INFO:Defining folds
2022-11-23 19:50:42,910:INFO:Declaring metric variables
2022-11-23 19:50:42,912:INFO:Importing untrained model
2022-11-23 19:50:42,914:INFO:K Neighbors Regressor Imported succesfully
2022-11-23 19:50:42,918:INFO:Starting cross validation
2022-11-23 19:50:42,918:INFO:Cross validating with KFold(n_splits=10, random_state=None, shuffle=False), n_jobs=-1
2022-11-23 19:50:43,068:INFO:Calculating mean and std
2022-11-23 19:50:43,069:INFO:Creating metrics dataframe
2022-11-23 19:50:43,071:INFO:Uploading results into container
2022-11-23 19:50:43,071:INFO:Uploading model into container now
2022-11-23 19:50:43,072:INFO:create_model_container: 11
2022-11-23 19:50:43,072:INFO:master_model_container: 11
2022-11-23 19:50:43,072:INFO:display_container: 2
2022-11-23 19:50:43,072:INFO:KNeighborsRegressor(algorithm='auto', leaf_size=30, metric='minkowski',
                    metric_params=None, n_jobs=-1, n_neighbors=5, p=2,
                    weights='uniform')
2022-11-23 19:50:43,072:INFO:create_model() succesfully completed......................................
2022-11-23 19:50:43,173:INFO:SubProcess create_model() end ==================================
2022-11-23 19:50:43,174:INFO:Creating metrics dataframe
2022-11-23 19:50:43,177:INFO:Initializing Decision Tree Regressor
2022-11-23 19:50:43,178:INFO:Total runtime is 0.09786149263381956 minutes
2022-11-23 19:50:43,181:INFO:SubProcess create_model() called ==================================
2022-11-23 19:50:43,181:INFO:Initializing create_model()
2022-11-23 19:50:43,181:INFO:create_model(estimator=dt, fold=KFold(n_splits=10, random_state=None, shuffle=False), round=4, cross_validation=True, predict=True, fit_kwargs={}, groups=None, refit=False, verbose=False, system=False, metrics=None, experiment_custom_tags=None, add_to_model_list=True, probability_threshold=None, display=<pycaret.internal.Display.Display object at 0x0000029A0DC59B48>, return_train_score=False, kwargs={})
2022-11-23 19:50:43,182:INFO:Checking exceptions
2022-11-23 19:50:43,182:INFO:Importing libraries
2022-11-23 19:50:43,182:INFO:Copying training dataset
2022-11-23 19:50:43,182:INFO:Defining folds
2022-11-23 19:50:43,182:INFO:Declaring metric variables
2022-11-23 19:50:43,185:INFO:Importing untrained model
2022-11-23 19:50:43,187:INFO:Decision Tree Regressor Imported succesfully
2022-11-23 19:50:43,191:INFO:Starting cross validation
2022-11-23 19:50:43,192:INFO:Cross validating with KFold(n_splits=10, random_state=None, shuffle=False), n_jobs=-1
2022-11-23 19:50:43,234:INFO:Calculating mean and std
2022-11-23 19:50:43,235:INFO:Creating metrics dataframe
2022-11-23 19:50:43,237:INFO:Uploading results into container
2022-11-23 19:50:43,237:INFO:Uploading model into container now
2022-11-23 19:50:43,238:INFO:create_model_container: 12
2022-11-23 19:50:43,238:INFO:master_model_container: 12
2022-11-23 19:50:43,238:INFO:display_container: 2
2022-11-23 19:50:43,238:INFO:DecisionTreeRegressor(ccp_alpha=0.0, criterion='mse', max_depth=None,
                      max_features=None, max_leaf_nodes=None,
                      min_impurity_decrease=0.0, min_impurity_split=None,
                      min_samples_leaf=1, min_samples_split=2,
                      min_weight_fraction_leaf=0.0, presort='deprecated',
                      random_state=1501, splitter='best')
2022-11-23 19:50:43,239:INFO:create_model() succesfully completed......................................
2022-11-23 19:50:43,338:INFO:SubProcess create_model() end ==================================
2022-11-23 19:50:43,339:INFO:Creating metrics dataframe
2022-11-23 19:50:43,342:INFO:Initializing Random Forest Regressor
2022-11-23 19:50:43,343:INFO:Total runtime is 0.1006079316139221 minutes
2022-11-23 19:50:43,346:INFO:SubProcess create_model() called ==================================
2022-11-23 19:50:43,346:INFO:Initializing create_model()
2022-11-23 19:50:43,346:INFO:create_model(estimator=rf, fold=KFold(n_splits=10, random_state=None, shuffle=False), round=4, cross_validation=True, predict=True, fit_kwargs={}, groups=None, refit=False, verbose=False, system=False, metrics=None, experiment_custom_tags=None, add_to_model_list=True, probability_threshold=None, display=<pycaret.internal.Display.Display object at 0x0000029A0DC59B48>, return_train_score=False, kwargs={})
2022-11-23 19:50:43,346:INFO:Checking exceptions
2022-11-23 19:50:43,346:INFO:Importing libraries
2022-11-23 19:50:43,347:INFO:Copying training dataset
2022-11-23 19:50:43,347:INFO:Defining folds
2022-11-23 19:50:43,347:INFO:Declaring metric variables
2022-11-23 19:50:43,350:INFO:Importing untrained model
2022-11-23 19:50:43,352:INFO:Random Forest Regressor Imported succesfully
2022-11-23 19:50:43,357:INFO:Starting cross validation
2022-11-23 19:50:43,357:INFO:Cross validating with KFold(n_splits=10, random_state=None, shuffle=False), n_jobs=-1
2022-11-23 19:50:44,089:INFO:Calculating mean and std
2022-11-23 19:50:44,089:INFO:Creating metrics dataframe
2022-11-23 19:50:44,092:INFO:Uploading results into container
2022-11-23 19:50:44,092:INFO:Uploading model into container now
2022-11-23 19:50:44,092:INFO:create_model_container: 13
2022-11-23 19:50:44,092:INFO:master_model_container: 13
2022-11-23 19:50:44,093:INFO:display_container: 2
2022-11-23 19:50:44,093:INFO:RandomForestRegressor(bootstrap=True, ccp_alpha=0.0, criterion='mse',
                      max_depth=None, max_features='auto', max_leaf_nodes=None,
                      max_samples=None, min_impurity_decrease=0.0,
                      min_impurity_split=None, min_samples_leaf=1,
                      min_samples_split=2, min_weight_fraction_leaf=0.0,
                      n_estimators=100, n_jobs=-1, oob_score=False,
                      random_state=1501, verbose=0, warm_start=False)
2022-11-23 19:50:44,093:INFO:create_model() succesfully completed......................................
2022-11-23 19:50:44,194:INFO:SubProcess create_model() end ==================================
2022-11-23 19:50:44,194:INFO:Creating metrics dataframe
2022-11-23 19:50:44,198:INFO:Initializing Extra Trees Regressor
2022-11-23 19:50:44,198:INFO:Total runtime is 0.11485689878463744 minutes
2022-11-23 19:50:44,201:INFO:SubProcess create_model() called ==================================
2022-11-23 19:50:44,201:INFO:Initializing create_model()
2022-11-23 19:50:44,201:INFO:create_model(estimator=et, fold=KFold(n_splits=10, random_state=None, shuffle=False), round=4, cross_validation=True, predict=True, fit_kwargs={}, groups=None, refit=False, verbose=False, system=False, metrics=None, experiment_custom_tags=None, add_to_model_list=True, probability_threshold=None, display=<pycaret.internal.Display.Display object at 0x0000029A0DC59B48>, return_train_score=False, kwargs={})
2022-11-23 19:50:44,201:INFO:Checking exceptions
2022-11-23 19:50:44,201:INFO:Importing libraries
2022-11-23 19:50:44,201:INFO:Copying training dataset
2022-11-23 19:50:44,202:INFO:Defining folds
2022-11-23 19:50:44,202:INFO:Declaring metric variables
2022-11-23 19:50:44,204:INFO:Importing untrained model
2022-11-23 19:50:44,206:INFO:Extra Trees Regressor Imported succesfully
2022-11-23 19:50:44,211:INFO:Starting cross validation
2022-11-23 19:50:44,211:INFO:Cross validating with KFold(n_splits=10, random_state=None, shuffle=False), n_jobs=-1
2022-11-23 19:50:44,950:INFO:Calculating mean and std
2022-11-23 19:50:44,950:INFO:Creating metrics dataframe
2022-11-23 19:50:44,953:INFO:Uploading results into container
2022-11-23 19:50:44,954:INFO:Uploading model into container now
2022-11-23 19:50:44,954:INFO:create_model_container: 14
2022-11-23 19:50:44,954:INFO:master_model_container: 14
2022-11-23 19:50:44,954:INFO:display_container: 2
2022-11-23 19:50:44,954:INFO:ExtraTreesRegressor(bootstrap=False, ccp_alpha=0.0, criterion='mse',
                    max_depth=None, max_features='auto', max_leaf_nodes=None,
                    max_samples=None, min_impurity_decrease=0.0,
                    min_impurity_split=None, min_samples_leaf=1,
                    min_samples_split=2, min_weight_fraction_leaf=0.0,
                    n_estimators=100, n_jobs=-1, oob_score=False,
                    random_state=1501, verbose=0, warm_start=False)
2022-11-23 19:50:44,954:INFO:create_model() succesfully completed......................................
2022-11-23 19:50:45,054:INFO:SubProcess create_model() end ==================================
2022-11-23 19:50:45,054:INFO:Creating metrics dataframe
2022-11-23 19:50:45,058:INFO:Initializing AdaBoost Regressor
2022-11-23 19:50:45,058:INFO:Total runtime is 0.12919152975082396 minutes
2022-11-23 19:50:45,061:INFO:SubProcess create_model() called ==================================
2022-11-23 19:50:45,061:INFO:Initializing create_model()
2022-11-23 19:50:45,061:INFO:create_model(estimator=ada, fold=KFold(n_splits=10, random_state=None, shuffle=False), round=4, cross_validation=True, predict=True, fit_kwargs={}, groups=None, refit=False, verbose=False, system=False, metrics=None, experiment_custom_tags=None, add_to_model_list=True, probability_threshold=None, display=<pycaret.internal.Display.Display object at 0x0000029A0DC59B48>, return_train_score=False, kwargs={})
2022-11-23 19:50:45,061:INFO:Checking exceptions
2022-11-23 19:50:45,062:INFO:Importing libraries
2022-11-23 19:50:45,062:INFO:Copying training dataset
2022-11-23 19:50:45,062:INFO:Defining folds
2022-11-23 19:50:45,062:INFO:Declaring metric variables
2022-11-23 19:50:45,065:INFO:Importing untrained model
2022-11-23 19:50:45,067:INFO:AdaBoost Regressor Imported succesfully
2022-11-23 19:50:45,071:INFO:Starting cross validation
2022-11-23 19:50:45,071:INFO:Cross validating with KFold(n_splits=10, random_state=None, shuffle=False), n_jobs=-1
2022-11-23 19:50:45,169:INFO:Calculating mean and std
2022-11-23 19:50:45,169:INFO:Creating metrics dataframe
2022-11-23 19:50:45,172:INFO:Uploading results into container
2022-11-23 19:50:45,172:INFO:Uploading model into container now
2022-11-23 19:50:45,173:INFO:create_model_container: 15
2022-11-23 19:50:45,173:INFO:master_model_container: 15
2022-11-23 19:50:45,173:INFO:display_container: 2
2022-11-23 19:50:45,174:INFO:AdaBoostRegressor(base_estimator=None, learning_rate=1.0, loss='linear',
                  n_estimators=50, random_state=1501)
2022-11-23 19:50:45,174:INFO:create_model() succesfully completed......................................
2022-11-23 19:50:45,280:INFO:SubProcess create_model() end ==================================
2022-11-23 19:50:45,281:INFO:Creating metrics dataframe
2022-11-23 19:50:45,284:INFO:Initializing Gradient Boosting Regressor
2022-11-23 19:50:45,284:INFO:Total runtime is 0.13295873403549194 minutes
2022-11-23 19:50:45,286:INFO:SubProcess create_model() called ==================================
2022-11-23 19:50:45,287:INFO:Initializing create_model()
2022-11-23 19:50:45,287:INFO:create_model(estimator=gbr, fold=KFold(n_splits=10, random_state=None, shuffle=False), round=4, cross_validation=True, predict=True, fit_kwargs={}, groups=None, refit=False, verbose=False, system=False, metrics=None, experiment_custom_tags=None, add_to_model_list=True, probability_threshold=None, display=<pycaret.internal.Display.Display object at 0x0000029A0DC59B48>, return_train_score=False, kwargs={})
2022-11-23 19:50:45,287:INFO:Checking exceptions
2022-11-23 19:50:45,287:INFO:Importing libraries
2022-11-23 19:50:45,288:INFO:Copying training dataset
2022-11-23 19:50:45,288:INFO:Defining folds
2022-11-23 19:50:45,289:INFO:Declaring metric variables
2022-11-23 19:50:45,291:INFO:Importing untrained model
2022-11-23 19:50:45,294:INFO:Gradient Boosting Regressor Imported succesfully
2022-11-23 19:50:45,297:INFO:Starting cross validation
2022-11-23 19:50:45,298:INFO:Cross validating with KFold(n_splits=10, random_state=None, shuffle=False), n_jobs=-1
2022-11-23 19:50:45,373:INFO:Calculating mean and std
2022-11-23 19:50:45,374:INFO:Creating metrics dataframe
2022-11-23 19:50:45,376:INFO:Uploading results into container
2022-11-23 19:50:45,377:INFO:Uploading model into container now
2022-11-23 19:50:45,377:INFO:create_model_container: 16
2022-11-23 19:50:45,377:INFO:master_model_container: 16
2022-11-23 19:50:45,377:INFO:display_container: 2
2022-11-23 19:50:45,378:INFO:GradientBoostingRegressor(alpha=0.9, ccp_alpha=0.0, criterion='friedman_mse',
                          init=None, learning_rate=0.1, loss='ls', max_depth=3,
                          max_features=None, max_leaf_nodes=None,
                          min_impurity_decrease=0.0, min_impurity_split=None,
                          min_samples_leaf=1, min_samples_split=2,
                          min_weight_fraction_leaf=0.0, n_estimators=100,
                          n_iter_no_change=None, presort='deprecated',
                          random_state=1501, subsample=1.0, tol=0.0001,
                          validation_fraction=0.1, verbose=0, warm_start=False)
2022-11-23 19:50:45,378:INFO:create_model() succesfully completed......................................
2022-11-23 19:50:45,486:INFO:SubProcess create_model() end ==================================
2022-11-23 19:50:45,486:INFO:Creating metrics dataframe
2022-11-23 19:50:45,491:INFO:Initializing Light Gradient Boosting Machine
2022-11-23 19:50:45,491:INFO:Total runtime is 0.1364089608192444 minutes
2022-11-23 19:50:45,493:INFO:SubProcess create_model() called ==================================
2022-11-23 19:50:45,494:INFO:Initializing create_model()
2022-11-23 19:50:45,494:INFO:create_model(estimator=lightgbm, fold=KFold(n_splits=10, random_state=None, shuffle=False), round=4, cross_validation=True, predict=True, fit_kwargs={}, groups=None, refit=False, verbose=False, system=False, metrics=None, experiment_custom_tags=None, add_to_model_list=True, probability_threshold=None, display=<pycaret.internal.Display.Display object at 0x0000029A0DC59B48>, return_train_score=False, kwargs={})
2022-11-23 19:50:45,494:INFO:Checking exceptions
2022-11-23 19:50:45,494:INFO:Importing libraries
2022-11-23 19:50:45,495:INFO:Copying training dataset
2022-11-23 19:50:45,495:INFO:Defining folds
2022-11-23 19:50:45,495:INFO:Declaring metric variables
2022-11-23 19:50:45,498:INFO:Importing untrained model
2022-11-23 19:50:45,501:INFO:Light Gradient Boosting Machine Imported succesfully
2022-11-23 19:50:45,506:INFO:Starting cross validation
2022-11-23 19:50:45,507:INFO:Cross validating with KFold(n_splits=10, random_state=None, shuffle=False), n_jobs=-1
2022-11-23 19:50:45,572:INFO:Calculating mean and std
2022-11-23 19:50:45,572:INFO:Creating metrics dataframe
2022-11-23 19:50:45,576:INFO:Uploading results into container
2022-11-23 19:50:45,576:INFO:Uploading model into container now
2022-11-23 19:50:45,577:INFO:create_model_container: 17
2022-11-23 19:50:45,577:INFO:master_model_container: 17
2022-11-23 19:50:45,577:INFO:display_container: 2
2022-11-23 19:50:45,577:INFO:LGBMRegressor(boosting_type='gbdt', class_weight=None, colsample_bytree=1.0,
              importance_type='split', learning_rate=0.1, max_depth=-1,
              min_child_samples=20, min_child_weight=0.001, min_split_gain=0.0,
              n_estimators=100, n_jobs=-1, num_leaves=31, objective=None,
              random_state=1501, reg_alpha=0.0, reg_lambda=0.0, silent='warn',
              subsample=1.0, subsample_for_bin=200000, subsample_freq=0)
2022-11-23 19:50:45,578:INFO:create_model() succesfully completed......................................
2022-11-23 19:50:45,684:WARNING:create_model() for LGBMRegressor(boosting_type='gbdt', class_weight=None, colsample_bytree=1.0,
              importance_type='split', learning_rate=0.1, max_depth=-1,
              min_child_samples=20, min_child_weight=0.001, min_split_gain=0.0,
              n_estimators=100, n_jobs=-1, num_leaves=31, objective=None,
              random_state=1501, reg_alpha=0.0, reg_lambda=0.0, silent='warn',
              subsample=1.0, subsample_for_bin=200000, subsample_freq=0) raised an exception or returned all 0.0, trying without fit_kwargs:
2022-11-23 19:50:45,692:WARNING:Traceback (most recent call last):
  File "C:\users\jan-w\appdata\local\programs\python\python37\lib\site-packages\pycaret\internal\tabular.py", line 2205, in compare_models
    assert np.sum(model_results.iloc[0]) != 0.0
AssertionError

2022-11-23 19:50:45,692:INFO:Initializing create_model()
2022-11-23 19:50:45,693:INFO:create_model(estimator=lightgbm, fold=KFold(n_splits=10, random_state=None, shuffle=False), round=4, cross_validation=True, predict=True, fit_kwargs={}, groups=None, refit=False, verbose=False, system=False, metrics=None, experiment_custom_tags=None, add_to_model_list=True, probability_threshold=None, display=<pycaret.internal.Display.Display object at 0x0000029A0DC59B48>, return_train_score=False, kwargs={})
2022-11-23 19:50:45,693:INFO:Checking exceptions
2022-11-23 19:50:45,693:INFO:Importing libraries
2022-11-23 19:50:45,693:INFO:Copying training dataset
2022-11-23 19:50:45,694:INFO:Defining folds
2022-11-23 19:50:45,694:INFO:Declaring metric variables
2022-11-23 19:50:45,697:INFO:Importing untrained model
2022-11-23 19:50:45,700:INFO:Light Gradient Boosting Machine Imported succesfully
2022-11-23 19:50:45,705:INFO:Starting cross validation
2022-11-23 19:50:45,706:INFO:Cross validating with KFold(n_splits=10, random_state=None, shuffle=False), n_jobs=-1
2022-11-23 19:50:45,756:INFO:Calculating mean and std
2022-11-23 19:50:45,757:INFO:Creating metrics dataframe
2022-11-23 19:50:45,760:INFO:Uploading results into container
2022-11-23 19:50:45,760:INFO:Uploading model into container now
2022-11-23 19:50:45,760:INFO:create_model_container: 18
2022-11-23 19:50:45,761:INFO:master_model_container: 18
2022-11-23 19:50:45,761:INFO:display_container: 2
2022-11-23 19:50:45,761:INFO:LGBMRegressor(boosting_type='gbdt', class_weight=None, colsample_bytree=1.0,
              importance_type='split', learning_rate=0.1, max_depth=-1,
              min_child_samples=20, min_child_weight=0.001, min_split_gain=0.0,
              n_estimators=100, n_jobs=-1, num_leaves=31, objective=None,
              random_state=1501, reg_alpha=0.0, reg_lambda=0.0, silent='warn',
              subsample=1.0, subsample_for_bin=200000, subsample_freq=0)
2022-11-23 19:50:45,761:INFO:create_model() succesfully completed......................................
2022-11-23 19:50:45,871:ERROR:create_model() for LGBMRegressor(boosting_type='gbdt', class_weight=None, colsample_bytree=1.0,
              importance_type='split', learning_rate=0.1, max_depth=-1,
              min_child_samples=20, min_child_weight=0.001, min_split_gain=0.0,
              n_estimators=100, n_jobs=-1, num_leaves=31, objective=None,
              random_state=1501, reg_alpha=0.0, reg_lambda=0.0, silent='warn',
              subsample=1.0, subsample_for_bin=200000, subsample_freq=0) raised an exception or returned all 0.0:
2022-11-23 19:50:45,872:ERROR:Traceback (most recent call last):
  File "C:\users\jan-w\appdata\local\programs\python\python37\lib\site-packages\pycaret\internal\tabular.py", line 2205, in compare_models
    assert np.sum(model_results.iloc[0]) != 0.0
AssertionError

During handling of the above exception, another exception occurred:

Traceback (most recent call last):
  File "C:\users\jan-w\appdata\local\programs\python\python37\lib\site-packages\pycaret\internal\tabular.py", line 2214, in compare_models
    assert np.sum(model_results.iloc[0]) != 0.0
AssertionError

2022-11-23 19:50:45,873:INFO:Initializing Dummy Regressor
2022-11-23 19:50:45,873:INFO:Total runtime is 0.14277571042378745 minutes
2022-11-23 19:50:45,876:INFO:SubProcess create_model() called ==================================
2022-11-23 19:50:45,876:INFO:Initializing create_model()
2022-11-23 19:50:45,876:INFO:create_model(estimator=dummy, fold=KFold(n_splits=10, random_state=None, shuffle=False), round=4, cross_validation=True, predict=True, fit_kwargs={}, groups=None, refit=False, verbose=False, system=False, metrics=None, experiment_custom_tags=None, add_to_model_list=True, probability_threshold=None, display=<pycaret.internal.Display.Display object at 0x0000029A0DC59B48>, return_train_score=False, kwargs={})
2022-11-23 19:50:45,876:INFO:Checking exceptions
2022-11-23 19:50:45,876:INFO:Importing libraries
2022-11-23 19:50:45,876:INFO:Copying training dataset
2022-11-23 19:50:45,877:INFO:Defining folds
2022-11-23 19:50:45,877:INFO:Declaring metric variables
2022-11-23 19:50:45,879:INFO:Importing untrained model
2022-11-23 19:50:45,881:INFO:Dummy Regressor Imported succesfully
2022-11-23 19:50:45,886:INFO:Starting cross validation
2022-11-23 19:50:45,886:INFO:Cross validating with KFold(n_splits=10, random_state=None, shuffle=False), n_jobs=-1
2022-11-23 19:50:45,926:INFO:Calculating mean and std
2022-11-23 19:50:45,926:INFO:Creating metrics dataframe
2022-11-23 19:50:45,929:INFO:Uploading results into container
2022-11-23 19:50:45,929:INFO:Uploading model into container now
2022-11-23 19:50:45,929:INFO:create_model_container: 19
2022-11-23 19:50:45,929:INFO:master_model_container: 19
2022-11-23 19:50:45,929:INFO:display_container: 2
2022-11-23 19:50:45,929:INFO:DummyRegressor(constant=None, quantile=None, strategy='mean')
2022-11-23 19:50:45,929:INFO:create_model() succesfully completed......................................
2022-11-23 19:50:46,034:INFO:SubProcess create_model() end ==================================
2022-11-23 19:50:46,034:INFO:Creating metrics dataframe
2022-11-23 19:50:46,044:INFO:Initializing create_model()
2022-11-23 19:50:46,044:INFO:create_model(estimator=ExtraTreesRegressor(bootstrap=False, ccp_alpha=0.0, criterion='mse',
                    max_depth=None, max_features='auto', max_leaf_nodes=None,
                    max_samples=None, min_impurity_decrease=0.0,
                    min_impurity_split=None, min_samples_leaf=1,
                    min_samples_split=2, min_weight_fraction_leaf=0.0,
                    n_estimators=100, n_jobs=-1, oob_score=False,
                    random_state=1501, verbose=0, warm_start=False), fold=KFold(n_splits=10, random_state=None, shuffle=False), round=4, cross_validation=False, predict=False, fit_kwargs={}, groups=None, refit=True, verbose=False, system=False, metrics=None, experiment_custom_tags=None, add_to_model_list=True, probability_threshold=None, display=None, return_train_score=False, kwargs={})
2022-11-23 19:50:46,045:INFO:Checking exceptions
2022-11-23 19:50:46,045:INFO:Importing libraries
2022-11-23 19:50:46,045:INFO:Copying training dataset
2022-11-23 19:50:46,046:INFO:Defining folds
2022-11-23 19:50:46,046:INFO:Declaring metric variables
2022-11-23 19:50:46,046:INFO:Importing untrained model
2022-11-23 19:50:46,046:INFO:Declaring custom model
2022-11-23 19:50:46,047:INFO:Extra Trees Regressor Imported succesfully
2022-11-23 19:50:46,047:INFO:Cross validation set to False
2022-11-23 19:50:46,047:INFO:Fitting Model
2022-11-23 19:50:46,604:INFO:ExtraTreesRegressor(bootstrap=False, ccp_alpha=0.0, criterion='mse',
                    max_depth=None, max_features='auto', max_leaf_nodes=None,
                    max_samples=None, min_impurity_decrease=0.0,
                    min_impurity_split=None, min_samples_leaf=1,
                    min_samples_split=2, min_weight_fraction_leaf=0.0,
                    n_estimators=100, n_jobs=-1, oob_score=False,
                    random_state=1501, verbose=0, warm_start=False)
2022-11-23 19:50:46,605:INFO:create_models() succesfully completed......................................
2022-11-23 19:50:46,721:INFO:create_model_container: 19
2022-11-23 19:50:46,721:INFO:master_model_container: 19
2022-11-23 19:50:46,721:INFO:display_container: 2
2022-11-23 19:50:46,721:INFO:ExtraTreesRegressor(bootstrap=False, ccp_alpha=0.0, criterion='mse',
                    max_depth=None, max_features='auto', max_leaf_nodes=None,
                    max_samples=None, min_impurity_decrease=0.0,
                    min_impurity_split=None, min_samples_leaf=1,
                    min_samples_split=2, min_weight_fraction_leaf=0.0,
                    n_estimators=100, n_jobs=-1, oob_score=False,
                    random_state=1501, verbose=0, warm_start=False)
2022-11-23 19:50:46,721:INFO:compare_models() succesfully completed......................................
2022-11-23 19:50:46,729:INFO:Initializing save_model()
2022-11-23 19:50:46,729:INFO:save_model(model=ExtraTreesRegressor(bootstrap=False, ccp_alpha=0.0, criterion='mse',
                    max_depth=None, max_features='auto', max_leaf_nodes=None,
                    max_samples=None, min_impurity_decrease=0.0,
                    min_impurity_split=None, min_samples_leaf=1,
                    min_samples_split=2, min_weight_fraction_leaf=0.0,
                    n_estimators=100, n_jobs=-1, oob_score=False,
                    random_state=1501, verbose=0, warm_start=False), model_name=best_model, prep_pipe_=Pipeline(memory=None,
         steps=[('dtypes',
                 DataTypes_Auto_infer(categorical_features=[],
                                      display_types=False, features_todrop=[],
                                      id_columns=[], ml_usecase='regression',
                                      numerical_features=[],
                                      target='Transported', time_features=[])),
                ('imputer',
                 Simple_Imputer(categorical_strategy='not_available',
                                fill_value_categorical=None,
                                fill_value_numerical=None,
                                numeric_str...
                ('scaling', 'passthrough'), ('P_transform', 'passthrough'),
                ('binn', 'passthrough'), ('rem_outliers', 'passthrough'),
                ('cluster_all', 'passthrough'),
                ('dummy', Dummify(target='Transported')),
                ('fix_perfect', Remove_100(target='Transported')),
                ('clean_names', Clean_Colum_Names()),
                ('feature_select', 'passthrough'), ('fix_multi', 'passthrough'),
                ('dfs', 'passthrough'), ('pca', 'passthrough')],
         verbose=False), verbose=True, kwargs={})
2022-11-23 19:50:46,730:INFO:Adding model into prep_pipe
2022-11-23 19:50:46,756:INFO:best_model.pkl saved in current working directory
2022-11-23 19:50:46,762:INFO:Pipeline(memory=None,
         steps=[('dtypes',
                 DataTypes_Auto_infer(categorical_features=[],
                                      display_types=False, features_todrop=[],
                                      id_columns=[], ml_usecase='regression',
                                      numerical_features=[],
                                      target='Transported', time_features=[])),
                ('imputer',
                 Simple_Imputer(categorical_strategy='not_available',
                                fill_value_categorical=None,
                                fill_value_numerical=None,
                                numeric_str...
                 ExtraTreesRegressor(bootstrap=False, ccp_alpha=0.0,
                                     criterion='mse', max_depth=None,
                                     max_features='auto', max_leaf_nodes=None,
                                     max_samples=None,
                                     min_impurity_decrease=0.0,
                                     min_impurity_split=None,
                                     min_samples_leaf=1, min_samples_split=2,
                                     min_weight_fraction_leaf=0.0,
                                     n_estimators=100, n_jobs=-1,
                                     oob_score=False, random_state=1501,
                                     verbose=0, warm_start=False)]],
         verbose=False)
2022-11-23 19:50:46,763:INFO:save_model() successfully completed......................................
